<?xml version="1.0" encoding="UTF-8"?>
<!-- Generated by org.testng.reporters.JUnitReportReporter -->
<testsuite hostname="User-PC" failures="0" tests="3" name="my_frist.day3" time="0.017" errors="0" timestamp="2023-06-27T18:59:36 IST" skipped="0">
  <testcase classname="my_frist.day3" name="carloginHomeLone" time="0.007"/>
  <testcase classname="my_frist.day3" name="carloginCarLone" time="0.002"/>
  <testcase classname="my_frist.day3" name="carloginLone" time="0.008"/>
</testsuite> <!-- my_frist.day3 -->
