<?xml version="1.0" encoding="UTF-8"?>
<!-- Generated by org.testng.reporters.JUnitReportReporter -->
<testsuite hostname="User-PC" failures="0" tests="3" name="my_frist.day1" time="0.021" errors="0" timestamp="2023-06-27T18:59:36 IST" skipped="0">
  <testcase classname="my_frist.day1" name="mobileBikelone" time="0.005"/>
  <testcase classname="my_frist.day1" name="webBikelone" time="0.005"/>
  <testcase classname="my_frist.day1" name="apiBikelone" time="0.011"/>
</testsuite> <!-- my_frist.day1 -->
