<?xml version="1.0" encoding="UTF-8"?>
<!-- Generated by org.testng.reporters.JUnitReportReporter -->
<testsuite hostname="User-PC" failures="0" tests="3" name="my_frist.day4" time="0.041" errors="0" timestamp="2023-07-03T09:30:53 IST" skipped="0">
  <testcase classname="my_frist.day4" name="MobielloginHomeLone" time="0.006"/>
  <testcase classname="my_frist.day4" name="webloginHomeLone" time="0.013"/>
  <testcase classname="my_frist.day4" name="ApiloginLone" time="0.022"/>
</testsuite> <!-- my_frist.day4 -->
