<?xml version="1.0" encoding="UTF-8"?>
<!-- Generated by org.testng.reporters.JUnitReportReporter -->
<testsuite hostname="User-PC" failures="0" tests="1" name="my_frist.day2" time="0.002" errors="0" timestamp="2023-06-27T18:59:36 IST" skipped="0">
  <testcase classname="my_frist.day2" name="Demo" time="0.002"/>
</testsuite> <!-- my_frist.day2 -->
