<?xml version="1.0" encoding="UTF-8"?>
<!-- Generated by org.testng.reporters.JUnitReportReporter -->
<testsuite hostname="User-PC" failures="0" tests="1" name="my_frist.login" time="0.002" errors="0" timestamp="2023-06-27T18:21:05 IST" skipped="0">
  <testcase classname="my_frist.login" name="login1" time="0.002"/>
</testsuite> <!-- my_frist.login -->
