<?xml version="1.0" encoding="UTF-8"?>
<!-- Generated by org.testng.reporters.JUnitReportReporter -->
<testsuite hostname="User-PC" failures="0" tests="1" name="my_frist.TEXT" time="0.014" errors="0" timestamp="2023-06-19T08:09:48 IST" skipped="0">
  <testcase classname="my_frist.TEXT" name="Demo" time="0.014"/>
</testsuite> <!-- my_frist.TEXT -->
